<?xml version="1.0" encoding="UTF-8"?>
<!-- Generated by org.testng.reporters.JUnitReportReporter -->
<testsuite skipped="0" hostname="INPB00NK87" name="scripts.mercury_test" tests="3" failures="0" timestamp="30 Mar 2019 05:30:57 GMT" time="29.846" errors="0">
  <testcase name="a_launchApplication" time="3.652" classname="scripts.mercury_test"/>
  <testcase name="b_Login" time="14.697" classname="scripts.mercury_test"/>
  <testcase name="c_Logout" time="11.497" classname="scripts.mercury_test"/>
</testsuite> <!-- scripts.mercury_test -->
